c:\users\surok\desktop\01awamura\3dlv2_2023_vs2019_game\project\3dlv1_2022_vs2019\gameprogramming\release\vc142.pdb
c:\users\surok\desktop\01awamura\3dlv2_2023_vs2019_game\project\3dlv1_2022_vs2019\gameprogramming\release\ccharactermanager.obj
c:\users\surok\desktop\01awamura\3dlv2_2023_vs2019_game\project\3dlv1_2022_vs2019\gameprogramming\release\ccharacter3.obj
c:\users\surok\desktop\01awamura\3dlv2_2023_vs2019_game\project\3dlv1_2022_vs2019\gameprogramming\release\ccharacter.obj
c:\users\surok\desktop\01awamura\3dlv2_2023_vs2019_game\project\3dlv1_2022_vs2019\gameprogramming\release\ccamera.obj
c:\users\surok\desktop\01awamura\3dlv2_2023_vs2019_game\project\3dlv1_2022_vs2019\gameprogramming\release\cbullet.obj
c:\users\surok\desktop\01awamura\3dlv2_2023_vs2019_game\project\3dlv1_2022_vs2019\gameprogramming\release\cbillboard.obj
c:\users\surok\desktop\01awamura\3dlv2_2023_vs2019_game\project\3dlv1_2022_vs2019\gameprogramming\release\cawoodgimmick.obj
c:\users\surok\desktop\01awamura\3dlv2_2023_vs2019_game\project\3dlv1_2022_vs2019\gameprogramming\release\cawood.obj
c:\users\surok\desktop\01awamura\3dlv2_2023_vs2019_game\project\3dlv1_2022_vs2019\gameprogramming\release\cawallgimmick.obj
c:\users\surok\desktop\01awamura\3dlv2_2023_vs2019_game\project\3dlv1_2022_vs2019\gameprogramming\release\cawall.obj
c:\users\surok\desktop\01awamura\3dlv2_2023_vs2019_game\project\3dlv1_2022_vs2019\gameprogramming\release\casoccergimmick.obj
c:\users\surok\desktop\01awamura\3dlv2_2023_vs2019_game\project\3dlv1_2022_vs2019\gameprogramming\release\casoccer.obj
c:\users\surok\desktop\01awamura\3dlv2_2023_vs2019_game\project\3dlv1_2022_vs2019\gameprogramming\release\capplication.obj
c:\users\surok\desktop\01awamura\3dlv2_2023_vs2019_game\project\3dlv1_2022_vs2019\gameprogramming\release\cahamahgimmick.obj
c:\users\surok\desktop\01awamura\3dlv2_2023_vs2019_game\project\3dlv1_2022_vs2019\gameprogramming\release\cahamah.obj
c:\users\surok\desktop\01awamura\3dlv2_2023_vs2019_game\project\3dlv1_2022_vs2019\gameprogramming\release\cacoingimmick.obj
c:\users\surok\desktop\01awamura\3dlv2_2023_vs2019_game\project\3dlv1_2022_vs2019\gameprogramming\release\cacoinclearstage.obj
c:\users\surok\desktop\01awamura\3dlv2_2023_vs2019_game\project\3dlv1_2022_vs2019\gameprogramming\release\cacoin.obj
c:\users\surok\desktop\01awamura\3dlv2_2023_vs2019_game\project\3dlv1_2022_vs2019\gameprogramming\release\caclearstage.obj
c:\users\surok\desktop\01awamura\3dlv2_2023_vs2019_game\project\3dlv1_2022_vs2019\gameprogramming\release\caacleatestage.obj
c:\users\surok\desktop\01awamura\3dlv2_2023_vs2019_game\project\3dlv1_2022_vs2019\gameprogramming\release\cscenemanager.obj
c:\users\surok\desktop\01awamura\3dlv2_2023_vs2019_game\project\3dlv1_2022_vs2019\gameprogramming\release\cscenebase.obj
c:\users\surok\desktop\01awamura\3dlv2_2023_vs2019_game\project\3dlv1_2022_vs2019\gameprogramming\release\cresourcemanager.obj
c:\users\surok\desktop\01awamura\3dlv2_2023_vs2019_game\project\3dlv1_2022_vs2019\gameprogramming\release\crectangle.obj
c:\users\surok\desktop\01awamura\3dlv2_2023_vs2019_game\project\3dlv1_2022_vs2019\gameprogramming\release\cplayer.obj
c:\users\surok\desktop\01awamura\3dlv2_2023_vs2019_game\project\3dlv1_2022_vs2019\gameprogramming\release\cmatrix.obj
c:\users\surok\desktop\01awamura\3dlv2_2023_vs2019_game\project\3dlv1_2022_vs2019\gameprogramming\release\cmaterial.obj
c:\users\surok\desktop\01awamura\3dlv2_2023_vs2019_game\project\3dlv1_2022_vs2019\gameprogramming\release\cimage.obj
c:\users\surok\desktop\01awamura\3dlv2_2023_vs2019_game\project\3dlv1_2022_vs2019\gameprogramming\release\cgamescene.obj
c:\users\surok\desktop\01awamura\3dlv2_2023_vs2019_game\project\3dlv1_2022_vs2019\gameprogramming\release\cfont.obj
c:\users\surok\desktop\01awamura\3dlv2_2023_vs2019_game\project\3dlv1_2022_vs2019\gameprogramming\release\cfield.obj
c:\users\surok\desktop\01awamura\3dlv2_2023_vs2019_game\project\3dlv1_2022_vs2019\gameprogramming\release\cenemy.obj
c:\users\surok\desktop\01awamura\3dlv2_2023_vs2019_game\project\3dlv1_2022_vs2019\gameprogramming\release\ceffect.obj
c:\users\surok\desktop\01awamura\3dlv2_2023_vs2019_game\project\3dlv1_2022_vs2019\gameprogramming\release\ccollisionmanager.obj
c:\users\surok\desktop\01awamura\3dlv2_2023_vs2019_game\project\3dlv1_2022_vs2019\gameprogramming\release\ccollidertriangle.obj
c:\users\surok\desktop\01awamura\3dlv2_2023_vs2019_game\project\3dlv1_2022_vs2019\gameprogramming\release\ccollidermesh.obj
c:\users\surok\desktop\01awamura\3dlv2_2023_vs2019_game\project\3dlv1_2022_vs2019\gameprogramming\release\ccolliderline.obj
c:\users\surok\desktop\01awamura\3dlv2_2023_vs2019_game\project\3dlv1_2022_vs2019\gameprogramming\release\ccollider.obj
c:\users\surok\desktop\01awamura\3dlv2_2023_vs2019_game\project\3dlv1_2022_vs2019\gameprogramming\release\cclearscene.obj
c:\users\surok\desktop\01awamura\3dlv2_2023_vs2019_game\project\3dlv1_2022_vs2019\gameprogramming\release\main.obj
c:\users\surok\desktop\01awamura\3dlv2_2023_vs2019_game\project\3dlv1_2022_vs2019\gameprogramming\release\gamepause.obj
c:\users\surok\desktop\01awamura\3dlv2_2023_vs2019_game\project\3dlv1_2022_vs2019\gameprogramming\release\cvector.obj
c:\users\surok\desktop\01awamura\3dlv2_2023_vs2019_game\project\3dlv1_2022_vs2019\gameprogramming\release\cui.obj
c:\users\surok\desktop\01awamura\3dlv2_2023_vs2019_game\project\3dlv1_2022_vs2019\gameprogramming\release\ctriangle.obj
c:\users\surok\desktop\01awamura\3dlv2_2023_vs2019_game\project\3dlv1_2022_vs2019\gameprogramming\release\ctransform.obj
c:\users\surok\desktop\01awamura\3dlv2_2023_vs2019_game\project\3dlv1_2022_vs2019\gameprogramming\release\ctitlescene.obj
c:\users\surok\desktop\01awamura\3dlv2_2023_vs2019_game\project\3dlv1_2022_vs2019\gameprogramming\release\cinput.obj
c:\users\surok\desktop\01awamura\3dlv2_2023_vs2019_game\project\3dlv1_2022_vs2019\gameprogramming\release\ctexture.obj
c:\users\surok\desktop\01awamura\3dlv2_2023_vs2019_game\project\3dlv1_2022_vs2019\gameprogramming\release\ctaskmanager.obj
c:\users\surok\desktop\01awamura\3dlv2_2023_vs2019_game\project\3dlv1_2022_vs2019\gameprogramming\release\ctask.obj
c:\users\surok\desktop\01awamura\3dlv2_2023_vs2019_game\project\3dlv1_2022_vs2019\gameprogramming\release\csound.obj
c:\users\surok\desktop\01awamura\3dlv2_2023_vs2019_game\project\3dlv1_2022_vs2019\gameprogramming\release\gameprogramming.tlog\cl.command.1.tlog
c:\users\surok\desktop\01awamura\3dlv2_2023_vs2019_game\project\3dlv1_2022_vs2019\gameprogramming\release\gameprogramming.tlog\cl.read.1.tlog
c:\users\surok\desktop\01awamura\3dlv2_2023_vs2019_game\project\3dlv1_2022_vs2019\gameprogramming\release\gameprogramming.tlog\cl.write.1.tlog
